
> stackblitz-starters-vxcrzm@0.0.0 build
> ng build --configuration production

[1m[33mWorkspace extension with invalid name (packageManager) found.[39m[22m
[33m❯[39m Building...
[31m✖[39m Building... [31m[FAILED: Inlining of fonts failed. An error has occurred while retrieving https://fonts.googleapis.com/css2?family=Roboto:wght@300;400;500;700&family=Material+Icons&display=swap over the internet.
getaddrinfo ENOTFOUND fonts.googleapis.com][39m
[1m[31mAn unhandled exception occurred: Inlining of fonts failed. An error has occurred while retrieving https://fonts.googleapis.com/css2?family=Roboto:wght@300;400;500;700&family=Material+Icons&display=swap over the internet.
getaddrinfo ENOTFOUND fonts.googleapis.com
See "/tmp/ng-ElE4rh/angular-errors.log" for further details.[39m[22m
/home/runner/work/Black-Tortoise/Black-Tortoise/node_modules/rxjs/dist/cjs/internal/util/reportUnhandledError.js:13
            throw err;
            ^

Error: Inlining of fonts failed. An error has occurred while retrieving https://fonts.googleapis.com/css2?family=Roboto:wght@300;400;500;700&family=Material+Icons&display=swap over the internet.
getaddrinfo ENOTFOUND fonts.googleapis.com
    at ClientRequest.<anonymous> (/home/runner/work/Black-Tortoise/Black-Tortoise/node_modules/@angular/build/src/utils/index-file/inline-fonts.js:225:44)
    at ClientRequest.emit (node:events:524:28)
    at emitErrorEvent (node:_http_client:101:11)
    at TLSSocket.socketErrorListener (node:_http_client:504:5)
    at TLSSocket.emit (node:events:524:28)
    at emitErrorNT (node:internal/streams/destroy:169:8)
    at emitErrorCloseNT (node:internal/streams/destroy:128:3)
    at process.processTicksAndRejections (node:internal/process/task_queues:82:21)

Node.js v20.20.0
